C_m \frac{dV_{PN}}{dt} = I_{stim} - I_{L} - I_{Na} - I_{K} - I_{A} - I_{KL} - I_{GABA_a} -I_{Ach}

I_L = g_L  (V - E_L)\\
g_L = 0.15\ μS\\
E_L = -55\ mV

I_{KL} = g_{KL}  (V - E_{KL})\\
g_{KL} = 0.05\ μS\\
E_{KL} = -95\ mV

I_{Na} = g_{Na}m_{Na}^3h_{Na}(V - E_{Na})\\
g_{Na} = 100\ μS\\
E_{Na} = 50\ mV

I_{A} = g_Am_A^4h_A(V - E_A)\\
g_{A} = 10\ μS\\
E_{A} = -95\ mV

I_{K} = g_Kn_K^4(V - E_K)\\
g_{K} = 10\ μS\\
E_{K} = -95\ mV

K\ Channel:\\
T = 22 ^\circ C \\
\phi = 3.0^{(T-36.0)/10}\\
V' = V-(-50)\\
\alpha_n = 0.02 \frac{15.0 - V'}{e^{(15.0 - V')/5.0} - 1.0}\\
\beta_n = 0.5e^{(10.0 - V')/40.0}\\
t_n =1.0/((\alpha_n+\beta_n)\phi)\\
n_\infty = \alpha_n/(\alpha_n+\beta_n)\\ 
\frac{dn_k}{dt} = - \frac{1}{tn}(n_K-n_\infty)

Na\ Channel:\\
T = 22 ^\circ C \\
\phi = 3.0^{(T-36.0)/10}\\
V' = V-(-50)\\
\alpha_m = \frac{0.32(13.0 - V')}{e^{(13.0 - V')/4.0} - 1.0}\\
\beta_m = \frac{0.28(V' - 40.0)}{e^{(V_ - 40.0)/5.0} - 1.0}\\
\alpha_h = 0.128e^{(17.0 - V')/18.0}\\
\beta_h = \frac{4.0}{e^{(40.0 - V')/5.0} + 1.0}\\

t_m =1.0/((\alpha_m+\beta_m)\phi)\\
m_\infty = \alpha_m/(\alpha_m+\beta_m)\\ 

t_h =1.0/((\alpha_h+\beta_h)\phi)\\
h_\infty = \alpha_h/(\alpha_h+\beta_h)\\ 

\frac{dm}{dt} = - \frac{1}{tm}(m-m_\infty)\\

\frac{dh}{dt} = - \frac{1}{th}(h-h_\infty)


Transient\ K\ (A)\ Channel:\\

T = 36 ^\circ C \\
\phi = 3.0^{(T-23.5)/10}\\

m_\infty = \frac{1.0}{1.0+e^{-(V+60.0)/8.5}}\\

h_\infty = \frac{1.0}{1.0+e^{(V+78)/6.0}}\\

t_m = \frac{1.0}{e^{(V+35.82)/19.69} + e^{-(V+79.69)/12.7} + 0.37}\\

t_h = \frac{1.0}{(e^{(V+46.05)/5.0} + e^{-(V+238.4)/37.45})\phi},when\ V<-63\ mV\\
\ \ \ \ \ = 19.0/\phi, otherwise\\

\frac{dm}{dt} = - \frac{1}{tm}(m-m_\infty)\\

\frac{dh}{dt} = - \frac{1}{th}(h-h_\infty)




C_m \frac{dV_{LN}}{dt} = I_{stim} - I_{L} - I_{Ca} - I_{K} - I_{K(Ca)} - I_{KL} - I_{GABA_a} -I_{Ach}


I_L = g_L  (V - E_L)\\
g_L = 0.15\ μS\\
E_L = -50\ mV

I_{KL} = g_{KL}  (V - E_{KL})\\
g_{KL} = 0.02\ μS\\
E_{KL} = -95\ mV


I_{K} = g_Kn_K^4(V - E_K)\\
g_{K} = 10\ μS\\
E_{K} = -95\ mV

I_{Ca} = g_{Ca}m_{Ca}^2h_{Ca}(V - E_{Ca})\\
g_{Ca} = 3\ μS\\
E_{Ca} = 140\ mV

I_{K(Ca)} = g_{K(Ca)}m_{K(Ca)}(V - E_A)\phi\\
g_{K(Ca)} = 0.3\ μS\\
E_{K(Ca)} = -90\ mV\\
\phi = 2.3^{(T-23.0)/10}
\ \ T =26^\circ C

K\ Channel:\\
T = 22 ^\circ C \\
\phi = 3.0^{(T-36.0)/10}\\
V' = V-(-50)\\
\alpha_n = 0.02 \frac{15.0 - V'}{e^{(15.0 - V')/5.0} - 1.0}\\
\beta_n = 0.5e^{(10.0 - V')/40.0}\\
t_n =1.0/((\alpha_n+\beta_n)\phi)\\
n_\infty = \alpha_n/(\alpha_n+\beta_n)\\ 
\frac{dn_k}{dt} = - \frac{1}{tn}(n_K-n_\infty)

Ca\ Channel:\\
m_\infty = \frac{1.0}{1.0+e^{-(V+20.0)/6.5}}\\

h_\infty = \frac{1.0}{1.0+e^{(V+25.0)/12}}\\\\

t_m =1.5\\

t_h = 0.3e^{(V-40.0)/13.0} + 0.002e^{(60.0-V)/29}\\

\frac{dm}{dt} = - \frac{1}{tm}(m-m_\infty)\\

\frac{dh}{dt} = - \frac{1}{th}(h-h_\infty)

Ca\ dependent\ K\ Channel:\\
T = 26 ^\circ C \\
\phi = 2.3^{(T-23.0)/10}\\
\alpha_m = 0.01[Ca^{2+}]\\
\beta_m = 0.02\\
t_m =1.0/((\alpha_m+\beta_m)\phi)\\
m_\infty = \alpha_m/(\alpha_m+\beta_m)\\ 
\frac{dm_{K(Ca)}}{dt} = - \frac{1}{tm}(m_{K(Ca)}-m_\infty)\\

Ca\ dynamics:\\
\frac{d[Ca^{2+}]}{dt} = -A_{Ca}I_{Ca} - \frac{Ca - Ca_\infty}{\tau_{Ca}}\\
A_{Ca} = 2\times10^{-4}\ \frac{mM· cm^2}{ms · μA}\\
Ca_\infty = 2.4\times10^{-4}\ mM\\
\tau_{Ca} = 150\ ms\\





